<?xml version="1.0" encoding="UTF-8"?>
<!-- Generated by org.testng.reporters.JUnitXMLReporter -->
<testsuite ignored="0" hostname="QB-TP3-2766" failures="1" tests="2" name="NegativeTest" time="18.188" errors="0" timestamp="2022-11-16T17:46:34 IST">
  <testcase classname="usingmaven.ErrorValidations" name="productValidation" time="13.476"/>
  <testcase classname="usingmaven.ErrorValidations" name="validation" time="0.849">
    <failure type="java.lang.AssertionError" message="expected [Incorrect email or password.] but found [Incorrect email password.]">
      <![CDATA[java.lang.AssertionError: expected [Incorrect email or password.] but found [Incorrect email password.]
at usingmaven.ErrorValidations.validation(ErrorValidations.java:23)
at java.base/java.util.ArrayList.forEach(ArrayList.java:1511)
... Removed 33 stack frames]]>
    </failure>
  </testcase> <!-- validation -->
</testsuite> <!-- NegativeTest -->
